----------------------------------------------------------------
Mon May 12 20:14:03 EDT 2014:
Booting Derby version The Apache Software Foundation - Apache Derby - 10.10.2.0 - (1582446): instance a816c00e-0145-f2ed-d211-000000ba6460 
on database directory C:\Users\Supersith9\git\CS496Project\CS496_Project_Persistence\test.db with class loader sun.misc.Launcher$AppClassLoader@ff057f 
Loaded from file:/C:/Users/Supersith9/workspace/CS496_Derby/lib/derby.jar
java.vendor=Oracle Corporation
java.runtime.version=1.7.0_55-b14
user.dir=C:\Users\Supersith9\git\CS496Project\CS496_Project_Persistence
os.name=Windows 7
os.arch=x86
os.version=6.1
derby.system.home=null

------------  Begin Shutdown Error Stack -------------

ERROR XSLA7: Cannot redo operation null in the log.
	at org.apache.derby.iapi.error.StandardException.newException(Unknown Source)
	at org.apache.derby.impl.store.raw.log.FileLogger.redo(Unknown Source)
	at org.apache.derby.impl.store.raw.log.LogToFile.recover(Unknown Source)
	at org.apache.derby.impl.store.raw.RawStore.boot(Unknown Source)
	at org.apache.derby.impl.services.monitor.BaseMonitor.boot(Unknown Source)
	at org.apache.derby.impl.services.monitor.TopService.bootModule(Unknown Source)
	at org.apache.derby.impl.services.monitor.BaseMonitor.startModule(Unknown Source)
	at org.apache.derby.iapi.services.monitor.Monitor.bootServiceModule(Unknown Source)
	at org.apache.derby.impl.store.access.RAMAccessManager.boot(Unknown Source)
	at org.apache.derby.impl.services.monitor.BaseMonitor.boot(Unknown Source)
	at org.apache.derby.impl.services.monitor.TopService.bootModule(Unknown Source)
	at org.apache.derby.impl.services.monitor.BaseMonitor.startModule(Unknown Source)
	at org.apache.derby.iapi.services.monitor.Monitor.bootServiceModule(Unknown Source)
	at org.apache.derby.impl.db.BasicDatabase.bootStore(Unknown Source)
	at org.apache.derby.impl.db.BasicDatabase.boot(Unknown Source)
	at org.apache.derby.impl.services.monitor.BaseMonitor.boot(Unknown Source)
	at org.apache.derby.impl.services.monitor.TopService.bootModule(Unknown Source)
	at org.apache.derby.impl.services.monitor.BaseMonitor.bootService(Unknown Source)
	at org.apache.derby.impl.services.monitor.BaseMonitor.startProviderService(Unknown Source)
	at org.apache.derby.impl.services.monitor.BaseMonitor.findProviderAndStartService(Unknown Source)
	at org.apache.derby.impl.services.monitor.BaseMonitor.startPersistentService(Unknown Source)
	at org.apache.derby.iapi.services.monitor.Monitor.startPersistentService(Unknown Source)
	at org.apache.derby.impl.jdbc.EmbedConnection.bootDatabase(Unknown Source)
	at org.apache.derby.impl.jdbc.EmbedConnection.<init>(Unknown Source)
	at org.apache.derby.impl.jdbc.EmbedConnection40.<init>(Unknown Source)
	at org.apache.derby.jdbc.Driver40.getNewEmbedConnection(Unknown Source)
	at org.apache.derby.jdbc.InternalDriver.connect(Unknown Source)
	at org.apache.derby.jdbc.Driver20.connect(Unknown Source)
	at org.apache.derby.jdbc.AutoloadedDriver.connect(Unknown Source)
	at java.sql.DriverManager.getConnection(Unknown Source)
	at java.sql.DriverManager.getConnection(Unknown Source)
	at edu.ycp.cs496.eduapp.model.persist.DerbyDatabase.connect(DerbyDatabase.java:78)
	at edu.ycp.cs496.eduapp.model.persist.DerbyDatabase.doExecuteTransaction(DerbyDatabase.java:41)
	at edu.ycp.cs496.eduapp.model.persist.DerbyDatabase.executeTransaction(DerbyDatabase.java:34)
	at edu.ycp.cs496.eduapp.model.persist.DerbyDatabase.createTables(DerbyDatabase.java:87)
	at edu.ycp.cs496.eduapp.model.persist.DerbyDatabase.main(DerbyDatabase.java:178)
Caused by: ERROR XSDB2: Unknown container format at container null : 0
	at org.apache.derby.iapi.error.StandardException.newException(Unknown Source)
	at org.apache.derby.impl.store.raw.data.FileContainer.readHeaderFromArray(Unknown Source)
	at org.apache.derby.impl.store.raw.data.FileContainer.readHeader(Unknown Source)
	at org.apache.derby.impl.store.raw.data.RAFContainer.run(Unknown Source)
	at java.security.AccessController.doPrivileged(Native Method)
	at org.apache.derby.impl.store.raw.data.RAFContainer.openContainer(Unknown Source)
	at org.apache.derby.impl.store.raw.data.RAFContainer4.openContainer(Unknown Source)
	at org.apache.derby.impl.store.raw.data.FileContainer.setIdent(Unknown Source)
	at org.apache.derby.impl.store.raw.data.FileContainer.setIdentity(Unknown Source)
	at org.apache.derby.impl.services.cache.ConcurrentCache.find(Unknown Source)
	at org.apache.derby.impl.store.raw.data.BaseDataFileFactory.openContainer(Unknown Source)
	at org.apache.derby.impl.store.raw.data.BaseDataFileFactory.openDroppedContainer(Unknown Source)
	at org.apache.derby.impl.store.raw.xact.Xact.openDroppedContainer(Unknown Source)
	at org.apache.derby.impl.store.raw.data.ContainerBasicOperation.findContainer(Unknown Source)
	at org.apache.derby.impl.store.raw.data.ContainerBasicOperation.needsRedo(Unknown Source)
	... 35 more
============= begin nested exception, level (1) ===========
ERROR XSDB2: Unknown container format at container null : 0
	at org.apache.derby.iapi.error.StandardException.newException(Unknown Source)
	at org.apache.derby.impl.store.raw.data.FileContainer.readHeaderFromArray(Unknown Source)
	at org.apache.derby.impl.store.raw.data.FileContainer.readHeader(Unknown Source)
	at org.apache.derby.impl.store.raw.data.RAFContainer.run(Unknown Source)
	at java.security.AccessController.doPrivileged(Native Method)
	at org.apache.derby.impl.store.raw.data.RAFContainer.openContainer(Unknown Source)
	at org.apache.derby.impl.store.raw.data.RAFContainer4.openContainer(Unknown Source)
	at org.apache.derby.impl.store.raw.data.FileContainer.setIdent(Unknown Source)
	at org.apache.derby.impl.store.raw.data.FileContainer.setIdentity(Unknown Source)
	at org.apache.derby.impl.services.cache.ConcurrentCache.find(Unknown Source)
	at org.apache.derby.impl.store.raw.data.BaseDataFileFactory.openContainer(Unknown Source)
	at org.apache.derby.impl.store.raw.data.BaseDataFileFactory.openDroppedContainer(Unknown Source)
	at org.apache.derby.impl.store.raw.xact.Xact.openDroppedContainer(Unknown Source)
	at org.apache.derby.impl.store.raw.data.ContainerBasicOperation.findContainer(Unknown Source)
	at org.apache.derby.impl.store.raw.data.ContainerBasicOperation.needsRedo(Unknown Source)
	at org.apache.derby.impl.store.raw.log.FileLogger.redo(Unknown Source)
	at org.apache.derby.impl.store.raw.log.LogToFile.recover(Unknown Source)
	at org.apache.derby.impl.store.raw.RawStore.boot(Unknown Source)
	at org.apache.derby.impl.services.monitor.BaseMonitor.boot(Unknown Source)
	at org.apache.derby.impl.services.monitor.TopService.bootModule(Unknown Source)
	at org.apache.derby.impl.services.monitor.BaseMonitor.startModule(Unknown Source)
	at org.apache.derby.iapi.services.monitor.Monitor.bootServiceModule(Unknown Source)
	at org.apache.derby.impl.store.access.RAMAccessManager.boot(Unknown Source)
	at org.apache.derby.impl.services.monitor.BaseMonitor.boot(Unknown Source)
	at org.apache.derby.impl.services.monitor.TopService.bootModule(Unknown Source)
	at org.apache.derby.impl.services.monitor.BaseMonitor.startModule(Unknown Source)
	at org.apache.derby.iapi.services.monitor.Monitor.bootServiceModule(Unknown Source)
	at org.apache.derby.impl.db.BasicDatabase.bootStore(Unknown Source)
	at org.apache.derby.impl.db.BasicDatabase.boot(Unknown Source)
	at org.apache.derby.impl.services.monitor.BaseMonitor.boot(Unknown Source)
	at org.apache.derby.impl.services.monitor.TopService.bootModule(Unknown Source)
	at org.apache.derby.impl.services.monitor.BaseMonitor.bootService(Unknown Source)
	at org.apache.derby.impl.services.monitor.BaseMonitor.startProviderService(Unknown Source)
	at org.apache.derby.impl.services.monitor.BaseMonitor.findProviderAndStartService(Unknown Source)
	at org.apache.derby.impl.services.monitor.BaseMonitor.startPersistentService(Unknown Source)
	at org.apache.derby.iapi.services.monitor.Monitor.startPersistentService(Unknown Source)
	at org.apache.derby.impl.jdbc.EmbedConnection.bootDatabase(Unknown Source)
	at org.apache.derby.impl.jdbc.EmbedConnection.<init>(Unknown Source)
	at org.apache.derby.impl.jdbc.EmbedConnection40.<init>(Unknown Source)
	at org.apache.derby.jdbc.Driver40.getNewEmbedConnection(Unknown Source)
	at org.apache.derby.jdbc.InternalDriver.connect(Unknown Source)
	at org.apache.derby.jdbc.Driver20.connect(Unknown Source)
	at org.apache.derby.jdbc.AutoloadedDriver.connect(Unknown Source)
	at java.sql.DriverManager.getConnection(Unknown Source)
	at java.sql.DriverManager.getConnection(Unknown Source)
	at edu.ycp.cs496.eduapp.model.persist.DerbyDatabase.connect(DerbyDatabase.java:78)
	at edu.ycp.cs496.eduapp.model.persist.DerbyDatabase.doExecuteTransaction(DerbyDatabase.java:41)
	at edu.ycp.cs496.eduapp.model.persist.DerbyDatabase.executeTransaction(DerbyDatabase.java:34)
	at edu.ycp.cs496.eduapp.model.persist.DerbyDatabase.createTables(DerbyDatabase.java:87)
	at edu.ycp.cs496.eduapp.model.persist.DerbyDatabase.main(DerbyDatabase.java:178)
============= end nested exception, level (1) ===========


------------  End Shutdown Error Stack -------------

----------------------------------------------------------------
Mon May 12 20:14:03 EDT 2014:
Shutting down instance a816c00e-0145-f2ed-d211-000000ba6460 on database directory C:\Users\Supersith9\git\CS496Project\CS496_Project_Persistence\test.db with class loader sun.misc.Launcher$AppClassLoader@ff057f 
Mon May 12 20:14:03 EDT 2014 Thread[main,5,main] Cleanup action starting
java.sql.SQLException: Failed to start database 'C:/Users/Supersith9/git/CS496Project/CS496_Project_Persistence/test.db' with class loader sun.misc.Launcher$AppClassLoader@ff057f, see the next exception for details.
	at org.apache.derby.impl.jdbc.SQLExceptionFactory40.getSQLException(Unknown Source)
	at org.apache.derby.impl.jdbc.Util.newEmbedSQLException(Unknown Source)
	at org.apache.derby.impl.jdbc.Util.seeNextException(Unknown Source)
	at org.apache.derby.impl.jdbc.EmbedConnection.bootDatabase(Unknown Source)
	at org.apache.derby.impl.jdbc.EmbedConnection.<init>(Unknown Source)
	at org.apache.derby.impl.jdbc.EmbedConnection40.<init>(Unknown Source)
	at org.apache.derby.jdbc.Driver40.getNewEmbedConnection(Unknown Source)
	at org.apache.derby.jdbc.InternalDriver.connect(Unknown Source)
	at org.apache.derby.jdbc.Driver20.connect(Unknown Source)
	at org.apache.derby.jdbc.AutoloadedDriver.connect(Unknown Source)
	at java.sql.DriverManager.getConnection(Unknown Source)
	at java.sql.DriverManager.getConnection(Unknown Source)
	at edu.ycp.cs496.eduapp.model.persist.DerbyDatabase.connect(DerbyDatabase.java:78)
	at edu.ycp.cs496.eduapp.model.persist.DerbyDatabase.doExecuteTransaction(DerbyDatabase.java:41)
	at edu.ycp.cs496.eduapp.model.persist.DerbyDatabase.executeTransaction(DerbyDatabase.java:34)
	at edu.ycp.cs496.eduapp.model.persist.DerbyDatabase.createTables(DerbyDatabase.java:87)
	at edu.ycp.cs496.eduapp.model.persist.DerbyDatabase.main(DerbyDatabase.java:178)
Caused by: java.sql.SQLException: Failed to start database 'C:/Users/Supersith9/git/CS496Project/CS496_Project_Persistence/test.db' with class loader sun.misc.Launcher$AppClassLoader@ff057f, see the next exception for details.
	at org.apache.derby.impl.jdbc.SQLExceptionFactory.getSQLException(Unknown Source)
	at org.apache.derby.impl.jdbc.SQLExceptionFactory40.wrapArgsForTransportAcrossDRDA(Unknown Source)
	... 17 more
Caused by: java.sql.SQLException: Unknown container format at container null : 0
	at org.apache.derby.impl.jdbc.SQLExceptionFactory.getSQLException(Unknown Source)
	at org.apache.derby.impl.jdbc.SQLExceptionFactory40.wrapArgsForTransportAcrossDRDA(Unknown Source)
	at org.apache.derby.impl.jdbc.SQLExceptionFactory40.getSQLException(Unknown Source)
	at org.apache.derby.impl.jdbc.Util.generateCsSQLException(Unknown Source)
	... 14 more
Caused by: ERROR XSDB2: Unknown container format at container null : 0
	at org.apache.derby.iapi.error.StandardException.newException(Unknown Source)
	at org.apache.derby.impl.store.raw.data.FileContainer.readHeaderFromArray(Unknown Source)
	at org.apache.derby.impl.store.raw.data.FileContainer.readHeader(Unknown Source)
	at org.apache.derby.impl.store.raw.data.RAFContainer.run(Unknown Source)
	at java.security.AccessController.doPrivileged(Native Method)
	at org.apache.derby.impl.store.raw.data.RAFContainer.openContainer(Unknown Source)
	at org.apache.derby.impl.store.raw.data.RAFContainer4.openContainer(Unknown Source)
	at org.apache.derby.impl.store.raw.data.FileContainer.setIdent(Unknown Source)
	at org.apache.derby.impl.store.raw.data.FileContainer.setIdentity(Unknown Source)
	at org.apache.derby.impl.services.cache.ConcurrentCache.find(Unknown Source)
	at org.apache.derby.impl.store.raw.data.BaseDataFileFactory.openContainer(Unknown Source)
	at org.apache.derby.impl.store.raw.data.BaseDataFileFactory.openDroppedContainer(Unknown Source)
	at org.apache.derby.impl.store.raw.xact.Xact.openDroppedContainer(Unknown Source)
	at org.apache.derby.impl.store.raw.data.ContainerBasicOperation.findContainer(Unknown Source)
	at org.apache.derby.impl.store.raw.data.ContainerBasicOperation.needsRedo(Unknown Source)
	at org.apache.derby.impl.store.raw.log.FileLogger.redo(Unknown Source)
	at org.apache.derby.impl.store.raw.log.LogToFile.recover(Unknown Source)
	at org.apache.derby.impl.store.raw.RawStore.boot(Unknown Source)
	at org.apache.derby.impl.services.monitor.BaseMonitor.boot(Unknown Source)
	at org.apache.derby.impl.services.monitor.TopService.bootModule(Unknown Source)
	at org.apache.derby.impl.services.monitor.BaseMonitor.startModule(Unknown Source)
	at org.apache.derby.iapi.services.monitor.Monitor.bootServiceModule(Unknown Source)
	at org.apache.derby.impl.store.access.RAMAccessManager.boot(Unknown Source)
	at org.apache.derby.impl.services.monitor.BaseMonitor.boot(Unknown Source)
	at org.apache.derby.impl.services.monitor.TopService.bootModule(Unknown Source)
	at org.apache.derby.impl.services.monitor.BaseMonitor.startModule(Unknown Source)
	at org.apache.derby.iapi.services.monitor.Monitor.bootServiceModule(Unknown Source)
	at org.apache.derby.impl.db.BasicDatabase.bootStore(Unknown Source)
	at org.apache.derby.impl.db.BasicDatabase.boot(Unknown Source)
	at org.apache.derby.impl.services.monitor.BaseMonitor.boot(Unknown Source)
	at org.apache.derby.impl.services.monitor.TopService.bootModule(Unknown Source)
	at org.apache.derby.impl.services.monitor.BaseMonitor.bootService(Unknown Source)
	at org.apache.derby.impl.services.monitor.BaseMonitor.startProviderService(Unknown Source)
	at org.apache.derby.impl.services.monitor.BaseMonitor.findProviderAndStartService(Unknown Source)
	at org.apache.derby.impl.services.monitor.BaseMonitor.startPersistentService(Unknown Source)
	at org.apache.derby.iapi.services.monitor.Monitor.startPersistentService(Unknown Source)
	... 14 more
============= begin nested exception, level (1) ===========
java.sql.SQLException: Unknown container format at container null : 0
	at org.apache.derby.impl.jdbc.SQLExceptionFactory40.getSQLException(Unknown Source)
	at org.apache.derby.impl.jdbc.Util.generateCsSQLException(Unknown Source)
	at org.apache.derby.impl.jdbc.EmbedConnection.bootDatabase(Unknown Source)
	at org.apache.derby.impl.jdbc.EmbedConnection.<init>(Unknown Source)
	at org.apache.derby.impl.jdbc.EmbedConnection40.<init>(Unknown Source)
	at org.apache.derby.jdbc.Driver40.getNewEmbedConnection(Unknown Source)
	at org.apache.derby.jdbc.InternalDriver.connect(Unknown Source)
	at org.apache.derby.jdbc.Driver20.connect(Unknown Source)
	at org.apache.derby.jdbc.AutoloadedDriver.connect(Unknown Source)
	at java.sql.DriverManager.getConnection(Unknown Source)
	at java.sql.DriverManager.getConnection(Unknown Source)
	at edu.ycp.cs496.eduapp.model.persist.DerbyDatabase.connect(DerbyDatabase.java:78)
	at edu.ycp.cs496.eduapp.model.persist.DerbyDatabase.doExecuteTransaction(DerbyDatabase.java:41)
	at edu.ycp.cs496.eduapp.model.persist.DerbyDatabase.executeTransaction(DerbyDatabase.java:34)
	at edu.ycp.cs496.eduapp.model.persist.DerbyDatabase.createTables(DerbyDatabase.java:87)
	at edu.ycp.cs496.eduapp.model.persist.DerbyDatabase.main(DerbyDatabase.java:178)
Caused by: java.sql.SQLException: Unknown container format at container null : 0
	at org.apache.derby.impl.jdbc.SQLExceptionFactory.getSQLException(Unknown Source)
	at org.apache.derby.impl.jdbc.SQLExceptionFactory40.wrapArgsForTransportAcrossDRDA(Unknown Source)
	... 16 more
Caused by: ERROR XSDB2: Unknown container format at container null : 0
	at org.apache.derby.iapi.error.StandardException.newException(Unknown Source)
	at org.apache.derby.impl.store.raw.data.FileContainer.readHeaderFromArray(Unknown Source)
	at org.apache.derby.impl.store.raw.data.FileContainer.readHeader(Unknown Source)
	at org.apache.derby.impl.store.raw.data.RAFContainer.run(Unknown Source)
	at java.security.AccessController.doPrivileged(Native Method)
	at org.apache.derby.impl.store.raw.data.RAFContainer.openContainer(Unknown Source)
	at org.apache.derby.impl.store.raw.data.RAFContainer4.openContainer(Unknown Source)
	at org.apache.derby.impl.store.raw.data.FileContainer.setIdent(Unknown Source)
	at org.apache.derby.impl.store.raw.data.FileContainer.setIdentity(Unknown Source)
	at org.apache.derby.impl.services.cache.ConcurrentCache.find(Unknown Source)
	at org.apache.derby.impl.store.raw.data.BaseDataFileFactory.openContainer(Unknown Source)
	at org.apache.derby.impl.store.raw.data.BaseDataFileFactory.openDroppedContainer(Unknown Source)
	at org.apache.derby.impl.store.raw.xact.Xact.openDroppedContainer(Unknown Source)
	at org.apache.derby.impl.store.raw.data.ContainerBasicOperation.findContainer(Unknown Source)
	at org.apache.derby.impl.store.raw.data.ContainerBasicOperation.needsRedo(Unknown Source)
	at org.apache.derby.impl.store.raw.log.FileLogger.redo(Unknown Source)
	at org.apache.derby.impl.store.raw.log.LogToFile.recover(Unknown Source)
	at org.apache.derby.impl.store.raw.RawStore.boot(Unknown Source)
	at org.apache.derby.impl.services.monitor.BaseMonitor.boot(Unknown Source)
	at org.apache.derby.impl.services.monitor.TopService.bootModule(Unknown Source)
	at org.apache.derby.impl.services.monitor.BaseMonitor.startModule(Unknown Source)
	at org.apache.derby.iapi.services.monitor.Monitor.bootServiceModule(Unknown Source)
	at org.apache.derby.impl.store.access.RAMAccessManager.boot(Unknown Source)
	at org.apache.derby.impl.services.monitor.BaseMonitor.boot(Unknown Source)
	at org.apache.derby.impl.services.monitor.TopService.bootModule(Unknown Source)
	at org.apache.derby.impl.services.monitor.BaseMonitor.startModule(Unknown Source)
	at org.apache.derby.iapi.services.monitor.Monitor.bootServiceModule(Unknown Source)
	at org.apache.derby.impl.db.BasicDatabase.bootStore(Unknown Source)
	at org.apache.derby.impl.db.BasicDatabase.boot(Unknown Source)
	at org.apache.derby.impl.services.monitor.BaseMonitor.boot(Unknown Source)
	at org.apache.derby.impl.services.monitor.TopService.bootModule(Unknown Source)
	at org.apache.derby.impl.services.monitor.BaseMonitor.bootService(Unknown Source)
	at org.apache.derby.impl.services.monitor.BaseMonitor.startProviderService(Unknown Source)
	at org.apache.derby.impl.services.monitor.BaseMonitor.findProviderAndStartService(Unknown Source)
	at org.apache.derby.impl.services.monitor.BaseMonitor.startPersistentService(Unknown Source)
	at org.apache.derby.iapi.services.monitor.Monitor.startPersistentService(Unknown Source)
	... 14 more
============= end nested exception, level (1) ===========
============= begin nested exception, level (2) ===========
java.sql.SQLException: Unknown container format at container null : 0
	at org.apache.derby.impl.jdbc.SQLExceptionFactory.getSQLException(Unknown Source)
	at org.apache.derby.impl.jdbc.SQLExceptionFactory40.wrapArgsForTransportAcrossDRDA(Unknown Source)
	at org.apache.derby.impl.jdbc.SQLExceptionFactory40.getSQLException(Unknown Source)
	at org.apache.derby.impl.jdbc.Util.generateCsSQLException(Unknown Source)
	at org.apache.derby.impl.jdbc.EmbedConnection.bootDatabase(Unknown Source)
	at org.apache.derby.impl.jdbc.EmbedConnection.<init>(Unknown Source)
	at org.apache.derby.impl.jdbc.EmbedConnection40.<init>(Unknown Source)
	at org.apache.derby.jdbc.Driver40.getNewEmbedConnection(Unknown Source)
	at org.apache.derby.jdbc.InternalDriver.connect(Unknown Source)
	at org.apache.derby.jdbc.Driver20.connect(Unknown Source)
	at org.apache.derby.jdbc.AutoloadedDriver.connect(Unknown Source)
	at java.sql.DriverManager.getConnection(Unknown Source)
	at java.sql.DriverManager.getConnection(Unknown Source)
	at edu.ycp.cs496.eduapp.model.persist.DerbyDatabase.connect(DerbyDatabase.java:78)
	at edu.ycp.cs496.eduapp.model.persist.DerbyDatabase.doExecuteTransaction(DerbyDatabase.java:41)
	at edu.ycp.cs496.eduapp.model.persist.DerbyDatabase.executeTransaction(DerbyDatabase.java:34)
	at edu.ycp.cs496.eduapp.model.persist.DerbyDatabase.createTables(DerbyDatabase.java:87)
	at edu.ycp.cs496.eduapp.model.persist.DerbyDatabase.main(DerbyDatabase.java:178)
Caused by: ERROR XSDB2: Unknown container format at container null : 0
	at org.apache.derby.iapi.error.StandardException.newException(Unknown Source)
	at org.apache.derby.impl.store.raw.data.FileContainer.readHeaderFromArray(Unknown Source)
	at org.apache.derby.impl.store.raw.data.FileContainer.readHeader(Unknown Source)
	at org.apache.derby.impl.store.raw.data.RAFContainer.run(Unknown Source)
	at java.security.AccessController.doPrivileged(Native Method)
	at org.apache.derby.impl.store.raw.data.RAFContainer.openContainer(Unknown Source)
	at org.apache.derby.impl.store.raw.data.RAFContainer4.openContainer(Unknown Source)
	at org.apache.derby.impl.store.raw.data.FileContainer.setIdent(Unknown Source)
	at org.apache.derby.impl.store.raw.data.FileContainer.setIdentity(Unknown Source)
	at org.apache.derby.impl.services.cache.ConcurrentCache.find(Unknown Source)
	at org.apache.derby.impl.store.raw.data.BaseDataFileFactory.openContainer(Unknown Source)
	at org.apache.derby.impl.store.raw.data.BaseDataFileFactory.openDroppedContainer(Unknown Source)
	at org.apache.derby.impl.store.raw.xact.Xact.openDroppedContainer(Unknown Source)
	at org.apache.derby.impl.store.raw.data.ContainerBasicOperation.findContainer(Unknown Source)
	at org.apache.derby.impl.store.raw.data.ContainerBasicOperation.needsRedo(Unknown Source)
	at org.apache.derby.impl.store.raw.log.FileLogger.redo(Unknown Source)
	at org.apache.derby.impl.store.raw.log.LogToFile.recover(Unknown Source)
	at org.apache.derby.impl.store.raw.RawStore.boot(Unknown Source)
	at org.apache.derby.impl.services.monitor.BaseMonitor.boot(Unknown Source)
	at org.apache.derby.impl.services.monitor.TopService.bootModule(Unknown Source)
	at org.apache.derby.impl.services.monitor.BaseMonitor.startModule(Unknown Source)
	at org.apache.derby.iapi.services.monitor.Monitor.bootServiceModule(Unknown Source)
	at org.apache.derby.impl.store.access.RAMAccessManager.boot(Unknown Source)
	at org.apache.derby.impl.services.monitor.BaseMonitor.boot(Unknown Source)
	at org.apache.derby.impl.services.monitor.TopService.bootModule(Unknown Source)
	at org.apache.derby.impl.services.monitor.BaseMonitor.startModule(Unknown Source)
	at org.apache.derby.iapi.services.monitor.Monitor.bootServiceModule(Unknown Source)
	at org.apache.derby.impl.db.BasicDatabase.bootStore(Unknown Source)
	at org.apache.derby.impl.db.BasicDatabase.boot(Unknown Source)
	at org.apache.derby.impl.services.monitor.BaseMonitor.boot(Unknown Source)
	at org.apache.derby.impl.services.monitor.TopService.bootModule(Unknown Source)
	at org.apache.derby.impl.services.monitor.BaseMonitor.bootService(Unknown Source)
	at org.apache.derby.impl.services.monitor.BaseMonitor.startProviderService(Unknown Source)
	at org.apache.derby.impl.services.monitor.BaseMonitor.findProviderAndStartService(Unknown Source)
	at org.apache.derby.impl.services.monitor.BaseMonitor.startPersistentService(Unknown Source)
	at org.apache.derby.iapi.services.monitor.Monitor.startPersistentService(Unknown Source)
	... 14 more
============= end nested exception, level (2) ===========
============= begin nested exception, level (3) ===========
ERROR XSDB2: Unknown container format at container null : 0
	at org.apache.derby.iapi.error.StandardException.newException(Unknown Source)
	at org.apache.derby.impl.store.raw.data.FileContainer.readHeaderFromArray(Unknown Source)
	at org.apache.derby.impl.store.raw.data.FileContainer.readHeader(Unknown Source)
	at org.apache.derby.impl.store.raw.data.RAFContainer.run(Unknown Source)
	at java.security.AccessController.doPrivileged(Native Method)
	at org.apache.derby.impl.store.raw.data.RAFContainer.openContainer(Unknown Source)
	at org.apache.derby.impl.store.raw.data.RAFContainer4.openContainer(Unknown Source)
	at org.apache.derby.impl.store.raw.data.FileContainer.setIdent(Unknown Source)
	at org.apache.derby.impl.store.raw.data.FileContainer.setIdentity(Unknown Source)
	at org.apache.derby.impl.services.cache.ConcurrentCache.find(Unknown Source)
	at org.apache.derby.impl.store.raw.data.BaseDataFileFactory.openContainer(Unknown Source)
	at org.apache.derby.impl.store.raw.data.BaseDataFileFactory.openDroppedContainer(Unknown Source)
	at org.apache.derby.impl.store.raw.xact.Xact.openDroppedContainer(Unknown Source)
	at org.apache.derby.impl.store.raw.data.ContainerBasicOperation.findContainer(Unknown Source)
	at org.apache.derby.impl.store.raw.data.ContainerBasicOperation.needsRedo(Unknown Source)
	at org.apache.derby.impl.store.raw.log.FileLogger.redo(Unknown Source)
	at org.apache.derby.impl.store.raw.log.LogToFile.recover(Unknown Source)
	at org.apache.derby.impl.store.raw.RawStore.boot(Unknown Source)
	at org.apache.derby.impl.services.monitor.BaseMonitor.boot(Unknown Source)
	at org.apache.derby.impl.services.monitor.TopService.bootModule(Unknown Source)
	at org.apache.derby.impl.services.monitor.BaseMonitor.startModule(Unknown Source)
	at org.apache.derby.iapi.services.monitor.Monitor.bootServiceModule(Unknown Source)
	at org.apache.derby.impl.store.access.RAMAccessManager.boot(Unknown Source)
	at org.apache.derby.impl.services.monitor.BaseMonitor.boot(Unknown Source)
	at org.apache.derby.impl.services.monitor.TopService.bootModule(Unknown Source)
	at org.apache.derby.impl.services.monitor.BaseMonitor.startModule(Unknown Source)
	at org.apache.derby.iapi.services.monitor.Monitor.bootServiceModule(Unknown Source)
	at org.apache.derby.impl.db.BasicDatabase.bootStore(Unknown Source)
	at org.apache.derby.impl.db.BasicDatabase.boot(Unknown Source)
	at org.apache.derby.impl.services.monitor.BaseMonitor.boot(Unknown Source)
	at org.apache.derby.impl.services.monitor.TopService.bootModule(Unknown Source)
	at org.apache.derby.impl.services.monitor.BaseMonitor.bootService(Unknown Source)
	at org.apache.derby.impl.services.monitor.BaseMonitor.startProviderService(Unknown Source)
	at org.apache.derby.impl.services.monitor.BaseMonitor.findProviderAndStartService(Unknown Source)
	at org.apache.derby.impl.services.monitor.BaseMonitor.startPersistentService(Unknown Source)
	at org.apache.derby.iapi.services.monitor.Monitor.startPersistentService(Unknown Source)
	at org.apache.derby.impl.jdbc.EmbedConnection.bootDatabase(Unknown Source)
	at org.apache.derby.impl.jdbc.EmbedConnection.<init>(Unknown Source)
	at org.apache.derby.impl.jdbc.EmbedConnection40.<init>(Unknown Source)
	at org.apache.derby.jdbc.Driver40.getNewEmbedConnection(Unknown Source)
	at org.apache.derby.jdbc.InternalDriver.connect(Unknown Source)
	at org.apache.derby.jdbc.Driver20.connect(Unknown Source)
	at org.apache.derby.jdbc.AutoloadedDriver.connect(Unknown Source)
	at java.sql.DriverManager.getConnection(Unknown Source)
	at java.sql.DriverManager.getConnection(Unknown Source)
	at edu.ycp.cs496.eduapp.model.persist.DerbyDatabase.connect(DerbyDatabase.java:78)
	at edu.ycp.cs496.eduapp.model.persist.DerbyDatabase.doExecuteTransaction(DerbyDatabase.java:41)
	at edu.ycp.cs496.eduapp.model.persist.DerbyDatabase.executeTransaction(DerbyDatabase.java:34)
	at edu.ycp.cs496.eduapp.model.persist.DerbyDatabase.createTables(DerbyDatabase.java:87)
	at edu.ycp.cs496.eduapp.model.persist.DerbyDatabase.main(DerbyDatabase.java:178)
============= end nested exception, level (3) ===========
Cleanup action completed
